<?xml version="1.0" encoding="UTF-8"?>
<!-- Generated by org.testng.reporters.JUnitXMLReporter -->
<testsuite ignored="0" hostname="DESKTOP-EVMF0N0" failures="0" tests="4" name="Login test cases" time="52.508" errors="0" timestamp="2021-12-29T09:29:17 IST">
  <testcase classname="loginTestCases.BothCorrect" name="loginWithBothCorrect" time="18.43"/>
  <testcase classname="loginTestCases.Both_In_Correct" name="loginWithBothInCorrect" time="11.098"/>
  <testcase classname="loginTestCases.CorrectPassword" name="loginWithCorrectPassword" time="10.712"/>
  <testcase classname="loginTestCases.CorrectUserName" name="loginWithCorrectUserName" time="12.215"/>
</testsuite> <!-- Login test cases -->
